Determining if the pthread_create exist failed with the following output:
Change Dir: /home/pi/hexapod/ROS/build/CMakeFiles/CMakeTmp

Run Build Command:"/usr/bin/make" "cmTryCompileExec1300450053/fast"
/usr/bin/make -f CMakeFiles/cmTryCompileExec1300450053.dir/build.make CMakeFiles/cmTryCompileExec1300450053.dir/build
make[1]: Entering directory '/home/pi/hexapod/ROS/build/CMakeFiles/CMakeTmp'
/usr/bin/cmake -E cmake_progress_report /home/pi/hexapod/ROS/build/CMakeFiles/CMakeTmp/CMakeFiles 1
Building C object CMakeFiles/cmTryCompileExec1300450053.dir/CheckSymbolExists.c.o
/usr/bin/cc    -o CMakeFiles/cmTryCompileExec1300450053.dir/CheckSymbolExists.c.o   -c /home/pi/hexapod/ROS/build/CMakeFiles/CMakeTmp/CheckSymbolExists.c
Linking C executable cmTryCompileExec1300450053
/usr/bin/cmake -E cmake_link_script CMakeFiles/cmTryCompileExec1300450053.dir/link.txt --verbose=1
/usr/bin/cc       CMakeFiles/cmTryCompileExec1300450053.dir/CheckSymbolExists.c.o  -o cmTryCompileExec1300450053 -rdynamic 
CMakeFiles/cmTryCompileExec1300450053.dir/CheckSymbolExists.c.o: In function `main':
CheckSymbolExists.c:(.text+0x38): undefined reference to `pthread_create'
collect2: error: ld returned 1 exit status
CMakeFiles/cmTryCompileExec1300450053.dir/build.make:88: recipe for target 'cmTryCompileExec1300450053' failed
make[1]: Leaving directory '/home/pi/hexapod/ROS/build/CMakeFiles/CMakeTmp'
make[1]: *** [cmTryCompileExec1300450053] Error 1
Makefile:118: recipe for target 'cmTryCompileExec1300450053/fast' failed
make: *** [cmTryCompileExec1300450053/fast] Error 2

File /home/pi/hexapod/ROS/build/CMakeFiles/CMakeTmp/CheckSymbolExists.c:
/* */
#include <pthread.h>

int main(int argc, char** argv)
{
  (void)argv;
#ifndef pthread_create
  return ((int*)(&pthread_create))[argc];
#else
  (void)argc;
  return 0;
#endif
}

Determining if the function pthread_create exists in the pthreads failed with the following output:
Change Dir: /home/pi/hexapod/ROS/build/CMakeFiles/CMakeTmp

Run Build Command:"/usr/bin/make" "cmTryCompileExec1641703976/fast"
/usr/bin/make -f CMakeFiles/cmTryCompileExec1641703976.dir/build.make CMakeFiles/cmTryCompileExec1641703976.dir/build
make[1]: Entering directory '/home/pi/hexapod/ROS/build/CMakeFiles/CMakeTmp'
/usr/bin/cmake -E cmake_progress_report /home/pi/hexapod/ROS/build/CMakeFiles/CMakeTmp/CMakeFiles 1
Building C object CMakeFiles/cmTryCompileExec1641703976.dir/CheckFunctionExists.c.o
/usr/bin/cc   -DCHECK_FUNCTION_EXISTS=pthread_create   -o CMakeFiles/cmTryCompileExec1641703976.dir/CheckFunctionExists.c.o   -c /usr/share/cmake-3.0/Modules/CheckFunctionExists.c
Linking C executable cmTryCompileExec1641703976
/usr/bin/cmake -E cmake_link_script CMakeFiles/cmTryCompileExec1641703976.dir/link.txt --verbose=1
/usr/bin/cc   -DCHECK_FUNCTION_EXISTS=pthread_create    CMakeFiles/cmTryCompileExec1641703976.dir/CheckFunctionExists.c.o  -o cmTryCompileExec1641703976 -rdynamic -lpthreads 
/usr/bin/ld: cannot find -lpthreads
collect2: error: ld returned 1 exit status
CMakeFiles/cmTryCompileExec1641703976.dir/build.make:88: recipe for target 'cmTryCompileExec1641703976' failed
make[1]: Leaving directory '/home/pi/hexapod/ROS/build/CMakeFiles/CMakeTmp'
make[1]: *** [cmTryCompileExec1641703976] Error 1
Makefile:118: recipe for target 'cmTryCompileExec1641703976/fast' failed
make: *** [cmTryCompileExec1641703976/fast] Error 2


